[2026-05-12 05:32:28] production.ERROR: The C:\Users\Home\Desktop\roaya-ansany.com\roaya-ansany.com\bootstrap\cache directory must be present and writable. {"exception":"[object] (Exception(code: 0): The C:\\Users\\Home\\Desktop\\roaya-ansany.com\\roaya-ansany.com\\bootstrap\\cache directory must be present and writable. at C:/Users/Home/Desktop/roaya-ansany.com/roaya-ansany.com/vendor/laravel/framework/src/Illuminate/Foundation/PackageManifest.php:179)
[stacktrace]
#0 C:/Users/Home/Desktop/roaya-ansany.com/roaya-ansany.com/vendor/laravel/framework/src/Illuminate/Foundation/PackageManifest.php(132): Illuminate/Foundation/PackageManifest->write(Array)
#1 C:/Users/Home/Desktop/roaya-ansany.com/roaya-ansany.com/vendor/laravel/framework/src/Illuminate/Foundation/PackageManifest.php(108): Illuminate/Foundation/PackageManifest->build()
#2 C:/Users/Home/Desktop/roaya-ansany.com/roaya-ansany.com/vendor/laravel/framework/src/Illuminate/Foundation/PackageManifest.php(91): Illuminate/Foundation/PackageManifest->getManifest()
#3 C:/Users/Home/Desktop/roaya-ansany.com/roaya-ansany.com/vendor/laravel/framework/src/Illuminate/Foundation/PackageManifest.php(80): Illuminate/Foundation/PackageManifest->config('aliases')
#4 C:/Users/Home/Desktop/roaya-ansany.com/roaya-ansany.com/vendor/laravel/framework/src/Illuminate/Foundation/Bootstrap/RegisterFacades.php(26): Illuminate/Foundation/PackageManifest->aliases()
#5 C:/Users/Home/Desktop/roaya-ansany.com/roaya-ansany.com/vendor/laravel/framework/src/Illuminate/Foundation/Application.php(342): Illuminate/Foundation/Bootstrap/RegisterFacades->bootstrap(Object(Illuminate/Foundation/Application))
#6 C:/Users/Home/Desktop/roaya-ansany.com/roaya-ansany.com/vendor/laravel/framework/src/Illuminate/Foundation/Console/Kernel.php(474): Illuminate/Foundation/Application->bootstrapWith(Array)
#7 C:/Users/Home/Desktop/roaya-ansany.com/roaya-ansany.com/vendor/laravel/framework/src/Illuminate/Foundation/Console/Kernel.php(196): Illuminate/Foundation/Console/Kernel->bootstrap()
#8 C:/Users/Home/Desktop/roaya-ansany.com/roaya-ansany.com/artisan(17): Illuminate/Foundation/Console/Kernel->handle(Object(Symfony/Component/Console/Input/ArgvInput), Object(Symfony/Component/Console/Output/ConsoleOutput))
#9 {main}
"} 
[2026-05-12 05:34:57] production.ERROR: Please provide a valid cache path. {"exception":"[object] (InvalidArgumentException(code: 0): Please provide a valid cache path. at C:/Users/Home/Desktop/roaya-ansany.com/roaya-ansany.com/vendor/laravel/framework/src/Illuminate/View/Compilers/Compiler.php:67)
[stacktrace]
#0 C:/Users/Home/Desktop/roaya-ansany.com/roaya-ansany.com/vendor/laravel/framework/src/Illuminate/View/ViewServiceProvider.php(97): Illuminate/View/Compilers/Compiler->__construct(Object(Illuminate/Filesystem/Filesystem), false, '', true, 'php')
#1 C:/Users/Home/Desktop/roaya-ansany.com/roaya-ansany.com/vendor/laravel/framework/src/Illuminate/Container/Container.php(952): Illuminate/View/ViewServiceProvider->Illuminate/View/{closure}(Object(Illuminate/Foundation/Application), Array)
#2 C:/Users/Home/Desktop/roaya-ansany.com/roaya-ansany.com/vendor/laravel/framework/src/Illuminate/Container/Container.php(832): Illuminate/Container/Container->build(Object(Closure))
#3 C:/Users/Home/Desktop/roaya-ansany.com/roaya-ansany.com/vendor/laravel/framework/src/Illuminate/Foundation/Application.php(1078): Illuminate/Container/Container->resolve('blade.compiler', Array, true)
#4 C:/Users/Home/Desktop/roaya-ansany.com/roaya-ansany.com/vendor/laravel/framework/src/Illuminate/Container/Container.php(763): Illuminate/Foundation/Application->resolve('blade.compiler', Array)
#5 C:/Users/Home/Desktop/roaya-ansany.com/roaya-ansany.com/vendor/laravel/framework/src/Illuminate/Foundation/Application.php(1058): Illuminate/Container/Container->make('blade.compiler', Array)
#6 C:/Users/Home/Desktop/roaya-ansany.com/roaya-ansany.com/vendor/laravel/framework/src/Illuminate/Container/Container.php(1580): Illuminate/Foundation/Application->make('blade.compiler')
#7 C:/Users/Home/Desktop/roaya-ansany.com/roaya-ansany.com/vendor/laravel/framework/src/Illuminate/Support/Facades/Facade.php(239): Illuminate/Container/Container->offsetGet('blade.compiler')
#8 C:/Users/Home/Desktop/roaya-ansany.com/roaya-ansany.com/vendor/laravel/framework/src/Illuminate/Support/Facades/Facade.php(210): Illuminate/Support/Facades/Facade::resolveFacadeInstance('blade.compiler')
#9 C:/Users/Home/Desktop/roaya-ansany.com/roaya-ansany.com/vendor/laravel/framework/src/Illuminate/Support/Facades/Facade.php(355): Illuminate/Support/Facades/Facade::getFacadeRoot()
#10 C:/Users/Home/Desktop/roaya-ansany.com/roaya-ansany.com/vendor/blade-ui-kit/blade-icons/src/BladeIconsServiceProvider.php(122): Illuminate/Support/Facades/Facade::__callStatic('directive', Array)
#11 C:/Users/Home/Desktop/roaya-ansany.com/roaya-ansany.com/vendor/blade-ui-kit/blade-icons/src/BladeIconsServiceProvider.php(27): BladeUI/Icons/BladeIconsServiceProvider->bootDirectives()
#12 C:/Users/Home/Desktop/roaya-ansany.com/roaya-ansany.com/vendor/laravel/framework/src/Illuminate/Container/BoundMethod.php(36): BladeUI/Icons/BladeIconsServiceProvider->boot()
#13 C:/Users/Home/Desktop/roaya-ansany.com/roaya-ansany.com/vendor/laravel/framework/src/Illuminate/Container/Util.php(43): Illuminate/Container/BoundMethod::Illuminate/Container/{closure}()
#14 C:/Users/Home/Desktop/roaya-ansany.com/roaya-ansany.com/vendor/laravel/framework/src/Illuminate/Container/BoundMethod.php(95): Illuminate/Container/Util::unwrapIfClosure(Object(Closure))
#15 C:/Users/Home/Desktop/roaya-ansany.com/roaya-ansany.com/vendor/laravel/framework/src/Illuminate/Container/BoundMethod.php(35): Illuminate/Container/BoundMethod::callBoundMethod(Object(Illuminate/Foundation/Application), Array, Object(Closure))
#16 C:/Users/Home/Desktop/roaya-ansany.com/roaya-ansany.com/vendor/laravel/framework/src/Illuminate/Container/Container.php(696): Illuminate/Container/BoundMethod::call(Object(Illuminate/Foundation/Application), Array, Array, NULL)
#17 C:/Users/Home/Desktop/roaya-ansany.com/roaya-ansany.com/vendor/laravel/framework/src/Illuminate/Foundation/Application.php(1151): Illuminate/Container/Container->call(Array)
#18 C:/Users/Home/Desktop/roaya-ansany.com/roaya-ansany.com/vendor/laravel/framework/src/Illuminate/Foundation/Application.php(1132): Illuminate/Foundation/Application->bootProvider(Object(BladeUI/Icons/BladeIconsServiceProvider))
#19 [internal function]: Illuminate/Foundation/Application->Illuminate/Foundation/{closure}(Object(BladeUI/Icons/BladeIconsServiceProvider), 'BladeUI//Icons//B...')
#20 C:/Users/Home/Desktop/roaya-ansany.com/roaya-ansany.com/vendor/laravel/framework/src/Illuminate/Foundation/Application.php(1131): array_walk(Array, Object(Closure))
#21 C:/Users/Home/Desktop/roaya-ansany.com/roaya-ansany.com/vendor/laravel/framework/src/Illuminate/Foundation/Bootstrap/BootProviders.php(17): Illuminate/Foundation/Application->boot()
#22 C:/Users/Home/Desktop/roaya-ansany.com/roaya-ansany.com/vendor/laravel/framework/src/Illuminate/Foundation/Application.php(342): Illuminate/Foundation/Bootstrap/BootProviders->bootstrap(Object(Illuminate/Foundation/Application))
#23 C:/Users/Home/Desktop/roaya-ansany.com/roaya-ansany.com/vendor/laravel/framework/src/Illuminate/Foundation/Console/Kernel.php(474): Illuminate/Foundation/Application->bootstrapWith(Array)
#24 C:/Users/Home/Desktop/roaya-ansany.com/roaya-ansany.com/vendor/laravel/framework/src/Illuminate/Foundation/Console/Kernel.php(196): Illuminate/Foundation/Console/Kernel->bootstrap()
#25 C:/Users/Home/Desktop/roaya-ansany.com/roaya-ansany.com/artisan(17): Illuminate/Foundation/Console/Kernel->handle(Object(Symfony/Component/Console/Input/ArgvInput), Object(Symfony/Component/Console/Output/ConsoleOutput))
#26 {main}
"} 
[2026-05-12 05:35:53] production.ERROR: Please provide a valid cache path. {"exception":"[object] (InvalidArgumentException(code: 0): Please provide a valid cache path. at C:/Users/Home/Desktop/roaya-ansany.com/roaya-ansany.com/vendor/laravel/framework/src/Illuminate/View/Compilers/Compiler.php:67)
[stacktrace]
#0 C:/Users/Home/Desktop/roaya-ansany.com/roaya-ansany.com/vendor/laravel/framework/src/Illuminate/View/ViewServiceProvider.php(97): Illuminate/View/Compilers/Compiler->__construct(Object(Illuminate/Filesystem/Filesystem), false, '', true, 'php')
#1 C:/Users/Home/Desktop/roaya-ansany.com/roaya-ansany.com/vendor/laravel/framework/src/Illuminate/Container/Container.php(952): Illuminate/View/ViewServiceProvider->Illuminate/View/{closure}(Object(Illuminate/Foundation/Application), Array)
#2 C:/Users/Home/Desktop/roaya-ansany.com/roaya-ansany.com/vendor/laravel/framework/src/Illuminate/Container/Container.php(832): Illuminate/Container/Container->build(Object(Closure))
#3 C:/Users/Home/Desktop/roaya-ansany.com/roaya-ansany.com/vendor/laravel/framework/src/Illuminate/Foundation/Application.php(1078): Illuminate/Container/Container->resolve('blade.compiler', Array, true)
#4 C:/Users/Home/Desktop/roaya-ansany.com/roaya-ansany.com/vendor/laravel/framework/src/Illuminate/Container/Container.php(763): Illuminate/Foundation/Application->resolve('blade.compiler', Array)
#5 C:/Users/Home/Desktop/roaya-ansany.com/roaya-ansany.com/vendor/laravel/framework/src/Illuminate/Foundation/Application.php(1058): Illuminate/Container/Container->make('blade.compiler', Array)
#6 C:/Users/Home/Desktop/roaya-ansany.com/roaya-ansany.com/vendor/laravel/framework/src/Illuminate/Container/Container.php(1580): Illuminate/Foundation/Application->make('blade.compiler')
#7 C:/Users/Home/Desktop/roaya-ansany.com/roaya-ansany.com/vendor/laravel/framework/src/Illuminate/Support/Facades/Facade.php(239): Illuminate/Container/Container->offsetGet('blade.compiler')
#8 C:/Users/Home/Desktop/roaya-ansany.com/roaya-ansany.com/vendor/laravel/framework/src/Illuminate/Support/Facades/Facade.php(210): Illuminate/Support/Facades/Facade::resolveFacadeInstance('blade.compiler')
#9 C:/Users/Home/Desktop/roaya-ansany.com/roaya-ansany.com/vendor/laravel/framework/src/Illuminate/Support/Facades/Facade.php(355): Illuminate/Support/Facades/Facade::getFacadeRoot()
#10 C:/Users/Home/Desktop/roaya-ansany.com/roaya-ansany.com/vendor/blade-ui-kit/blade-icons/src/BladeIconsServiceProvider.php(122): Illuminate/Support/Facades/Facade::__callStatic('directive', Array)
#11 C:/Users/Home/Desktop/roaya-ansany.com/roaya-ansany.com/vendor/blade-ui-kit/blade-icons/src/BladeIconsServiceProvider.php(27): BladeUI/Icons/BladeIconsServiceProvider->bootDirectives()
#12 C:/Users/Home/Desktop/roaya-ansany.com/roaya-ansany.com/vendor/laravel/framework/src/Illuminate/Container/BoundMethod.php(36): BladeUI/Icons/BladeIconsServiceProvider->boot()
#13 C:/Users/Home/Desktop/roaya-ansany.com/roaya-ansany.com/vendor/laravel/framework/src/Illuminate/Container/Util.php(43): Illuminate/Container/BoundMethod::Illuminate/Container/{closure}()
#14 C:/Users/Home/Desktop/roaya-ansany.com/roaya-ansany.com/vendor/laravel/framework/src/Illuminate/Container/BoundMethod.php(95): Illuminate/Container/Util::unwrapIfClosure(Object(Closure))
#15 C:/Users/Home/Desktop/roaya-ansany.com/roaya-ansany.com/vendor/laravel/framework/src/Illuminate/Container/BoundMethod.php(35): Illuminate/Container/BoundMethod::callBoundMethod(Object(Illuminate/Foundation/Application), Array, Object(Closure))
#16 C:/Users/Home/Desktop/roaya-ansany.com/roaya-ansany.com/vendor/laravel/framework/src/Illuminate/Container/Container.php(696): Illuminate/Container/BoundMethod::call(Object(Illuminate/Foundation/Application), Array, Array, NULL)
#17 C:/Users/Home/Desktop/roaya-ansany.com/roaya-ansany.com/vendor/laravel/framework/src/Illuminate/Foundation/Application.php(1151): Illuminate/Container/Container->call(Array)
#18 C:/Users/Home/Desktop/roaya-ansany.com/roaya-ansany.com/vendor/laravel/framework/src/Illuminate/Foundation/Application.php(1132): Illuminate/Foundation/Application->bootProvider(Object(BladeUI/Icons/BladeIconsServiceProvider))
#19 [internal function]: Illuminate/Foundation/Application->Illuminate/Foundation/{closure}(Object(BladeUI/Icons/BladeIconsServiceProvider), 'BladeUI//Icons//B...')
#20 C:/Users/Home/Desktop/roaya-ansany.com/roaya-ansany.com/vendor/laravel/framework/src/Illuminate/Foundation/Application.php(1131): array_walk(Array, Object(Closure))
#21 C:/Users/Home/Desktop/roaya-ansany.com/roaya-ansany.com/vendor/laravel/framework/src/Illuminate/Foundation/Bootstrap/BootProviders.php(17): Illuminate/Foundation/Application->boot()
#22 C:/Users/Home/Desktop/roaya-ansany.com/roaya-ansany.com/vendor/laravel/framework/src/Illuminate/Foundation/Application.php(342): Illuminate/Foundation/Bootstrap/BootProviders->bootstrap(Object(Illuminate/Foundation/Application))
#23 C:/Users/Home/Desktop/roaya-ansany.com/roaya-ansany.com/vendor/laravel/framework/src/Illuminate/Foundation/Console/Kernel.php(474): Illuminate/Foundation/Application->bootstrapWith(Array)
#24 C:/Users/Home/Desktop/roaya-ansany.com/roaya-ansany.com/vendor/laravel/framework/src/Illuminate/Foundation/Console/Kernel.php(196): Illuminate/Foundation/Console/Kernel->bootstrap()
#25 C:/Users/Home/Desktop/roaya-ansany.com/roaya-ansany.com/artisan(17): Illuminate/Foundation/Console/Kernel->handle(Object(Symfony/Component/Console/Input/ArgvInput), Object(Symfony/Component/Console/Output/ConsoleOutput))
#26 {main}
"} 
[2026-05-12 05:38:52] production.ERROR: Please provide a valid cache path. {"exception":"[object] (InvalidArgumentException(code: 0): Please provide a valid cache path. at C:/Users/Home/Desktop/roaya-ansany.com/roaya-ansany.com/vendor/laravel/framework/src/Illuminate/View/Compilers/Compiler.php:67)
[stacktrace]
#0 C:/Users/Home/Desktop/roaya-ansany.com/roaya-ansany.com/vendor/laravel/framework/src/Illuminate/View/ViewServiceProvider.php(97): Illuminate/View/Compilers/Compiler->__construct(Object(Illuminate/Filesystem/Filesystem), false, '', true, 'php')
#1 C:/Users/Home/Desktop/roaya-ansany.com/roaya-ansany.com/vendor/laravel/framework/src/Illuminate/Container/Container.php(952): Illuminate/View/ViewServiceProvider->Illuminate/View/{closure}(Object(Illuminate/Foundation/Application), Array)
#2 C:/Users/Home/Desktop/roaya-ansany.com/roaya-ansany.com/vendor/laravel/framework/src/Illuminate/Container/Container.php(832): Illuminate/Container/Container->build(Object(Closure))
#3 C:/Users/Home/Desktop/roaya-ansany.com/roaya-ansany.com/vendor/laravel/framework/src/Illuminate/Foundation/Application.php(1078): Illuminate/Container/Container->resolve('blade.compiler', Array, true)
#4 C:/Users/Home/Desktop/roaya-ansany.com/roaya-ansany.com/vendor/laravel/framework/src/Illuminate/Container/Container.php(763): Illuminate/Foundation/Application->resolve('blade.compiler', Array)
#5 C:/Users/Home/Desktop/roaya-ansany.com/roaya-ansany.com/vendor/laravel/framework/src/Illuminate/Foundation/Application.php(1058): Illuminate/Container/Container->make('blade.compiler', Array)
#6 C:/Users/Home/Desktop/roaya-ansany.com/roaya-ansany.com/vendor/laravel/framework/src/Illuminate/Container/Container.php(1580): Illuminate/Foundation/Application->make('blade.compiler')
#7 C:/Users/Home/Desktop/roaya-ansany.com/roaya-ansany.com/vendor/laravel/framework/src/Illuminate/Support/Facades/Facade.php(239): Illuminate/Container/Container->offsetGet('blade.compiler')
#8 C:/Users/Home/Desktop/roaya-ansany.com/roaya-ansany.com/vendor/laravel/framework/src/Illuminate/Support/Facades/Facade.php(210): Illuminate/Support/Facades/Facade::resolveFacadeInstance('blade.compiler')
#9 C:/Users/Home/Desktop/roaya-ansany.com/roaya-ansany.com/vendor/laravel/framework/src/Illuminate/Support/Facades/Facade.php(355): Illuminate/Support/Facades/Facade::getFacadeRoot()
#10 C:/Users/Home/Desktop/roaya-ansany.com/roaya-ansany.com/vendor/blade-ui-kit/blade-icons/src/BladeIconsServiceProvider.php(122): Illuminate/Support/Facades/Facade::__callStatic('directive', Array)
#11 C:/Users/Home/Desktop/roaya-ansany.com/roaya-ansany.com/vendor/blade-ui-kit/blade-icons/src/BladeIconsServiceProvider.php(27): BladeUI/Icons/BladeIconsServiceProvider->bootDirectives()
#12 C:/Users/Home/Desktop/roaya-ansany.com/roaya-ansany.com/vendor/laravel/framework/src/Illuminate/Container/BoundMethod.php(36): BladeUI/Icons/BladeIconsServiceProvider->boot()
#13 C:/Users/Home/Desktop/roaya-ansany.com/roaya-ansany.com/vendor/laravel/framework/src/Illuminate/Container/Util.php(43): Illuminate/Container/BoundMethod::Illuminate/Container/{closure}()
#14 C:/Users/Home/Desktop/roaya-ansany.com/roaya-ansany.com/vendor/laravel/framework/src/Illuminate/Container/BoundMethod.php(95): Illuminate/Container/Util::unwrapIfClosure(Object(Closure))
#15 C:/Users/Home/Desktop/roaya-ansany.com/roaya-ansany.com/vendor/laravel/framework/src/Illuminate/Container/BoundMethod.php(35): Illuminate/Container/BoundMethod::callBoundMethod(Object(Illuminate/Foundation/Application), Array, Object(Closure))
#16 C:/Users/Home/Desktop/roaya-ansany.com/roaya-ansany.com/vendor/laravel/framework/src/Illuminate/Container/Container.php(696): Illuminate/Container/BoundMethod::call(Object(Illuminate/Foundation/Application), Array, Array, NULL)
#17 C:/Users/Home/Desktop/roaya-ansany.com/roaya-ansany.com/vendor/laravel/framework/src/Illuminate/Foundation/Application.php(1151): Illuminate/Container/Container->call(Array)
#18 C:/Users/Home/Desktop/roaya-ansany.com/roaya-ansany.com/vendor/laravel/framework/src/Illuminate/Foundation/Application.php(1132): Illuminate/Foundation/Application->bootProvider(Object(BladeUI/Icons/BladeIconsServiceProvider))
#19 [internal function]: Illuminate/Foundation/Application->Illuminate/Foundation/{closure}(Object(BladeUI/Icons/BladeIconsServiceProvider), 'BladeUI//Icons//B...')
#20 C:/Users/Home/Desktop/roaya-ansany.com/roaya-ansany.com/vendor/laravel/framework/src/Illuminate/Foundation/Application.php(1131): array_walk(Array, Object(Closure))
#21 C:/Users/Home/Desktop/roaya-ansany.com/roaya-ansany.com/vendor/laravel/framework/src/Illuminate/Foundation/Bootstrap/BootProviders.php(17): Illuminate/Foundation/Application->boot()
#22 C:/Users/Home/Desktop/roaya-ansany.com/roaya-ansany.com/vendor/laravel/framework/src/Illuminate/Foundation/Application.php(342): Illuminate/Foundation/Bootstrap/BootProviders->bootstrap(Object(Illuminate/Foundation/Application))
#23 C:/Users/Home/Desktop/roaya-ansany.com/roaya-ansany.com/vendor/laravel/framework/src/Illuminate/Foundation/Console/Kernel.php(474): Illuminate/Foundation/Application->bootstrapWith(Array)
#24 C:/Users/Home/Desktop/roaya-ansany.com/roaya-ansany.com/vendor/laravel/framework/src/Illuminate/Foundation/Console/Kernel.php(196): Illuminate/Foundation/Console/Kernel->bootstrap()
#25 C:/Users/Home/Desktop/roaya-ansany.com/roaya-ansany.com/artisan(17): Illuminate/Foundation/Console/Kernel->handle(Object(Symfony/Component/Console/Input/ArgvInput), Object(Symfony/Component/Console/Output/ConsoleOutput))
#26 {main}
"} 
[2026-05-12 05:39:45] local.ERROR: Please provide a valid cache path. {"exception":"[object] (InvalidArgumentException(code: 0): Please provide a valid cache path. at C:/Users/Home/Desktop/roaya-ansany.com/roaya-ansany.com/vendor/laravel/framework/src/Illuminate/View/Compilers/Compiler.php:67)
[stacktrace]
#0 C:/Users/Home/Desktop/roaya-ansany.com/roaya-ansany.com/vendor/laravel/framework/src/Illuminate/View/ViewServiceProvider.php(97): Illuminate/View/Compilers/Compiler->__construct(Object(Illuminate/Filesystem/Filesystem), false, '', true, 'php')
#1 C:/Users/Home/Desktop/roaya-ansany.com/roaya-ansany.com/vendor/laravel/framework/src/Illuminate/Container/Container.php(952): Illuminate/View/ViewServiceProvider->Illuminate/View/{closure}(Object(Illuminate/Foundation/Application), Array)
#2 C:/Users/Home/Desktop/roaya-ansany.com/roaya-ansany.com/vendor/laravel/framework/src/Illuminate/Container/Container.php(832): Illuminate/Container/Container->build(Object(Closure))
#3 C:/Users/Home/Desktop/roaya-ansany.com/roaya-ansany.com/vendor/laravel/framework/src/Illuminate/Foundation/Application.php(1078): Illuminate/Container/Container->resolve('blade.compiler', Array, true)
#4 C:/Users/Home/Desktop/roaya-ansany.com/roaya-ansany.com/vendor/laravel/framework/src/Illuminate/Container/Container.php(763): Illuminate/Foundation/Application->resolve('blade.compiler', Array)
#5 C:/Users/Home/Desktop/roaya-ansany.com/roaya-ansany.com/vendor/laravel/framework/src/Illuminate/Foundation/Application.php(1058): Illuminate/Container/Container->make('blade.compiler', Array)
#6 C:/Users/Home/Desktop/roaya-ansany.com/roaya-ansany.com/vendor/laravel/framework/src/Illuminate/Container/Container.php(1580): Illuminate/Foundation/Application->make('blade.compiler')
#7 C:/Users/Home/Desktop/roaya-ansany.com/roaya-ansany.com/vendor/laravel/framework/src/Illuminate/Support/Facades/Facade.php(239): Illuminate/Container/Container->offsetGet('blade.compiler')
#8 C:/Users/Home/Desktop/roaya-ansany.com/roaya-ansany.com/vendor/laravel/framework/src/Illuminate/Support/Facades/Facade.php(210): Illuminate/Support/Facades/Facade::resolveFacadeInstance('blade.compiler')
#9 C:/Users/Home/Desktop/roaya-ansany.com/roaya-ansany.com/vendor/laravel/framework/src/Illuminate/Support/Facades/Facade.php(355): Illuminate/Support/Facades/Facade::getFacadeRoot()
#10 C:/Users/Home/Desktop/roaya-ansany.com/roaya-ansany.com/vendor/blade-ui-kit/blade-icons/src/BladeIconsServiceProvider.php(122): Illuminate/Support/Facades/Facade::__callStatic('directive', Array)
#11 C:/Users/Home/Desktop/roaya-ansany.com/roaya-ansany.com/vendor/blade-ui-kit/blade-icons/src/BladeIconsServiceProvider.php(27): BladeUI/Icons/BladeIconsServiceProvider->bootDirectives()
#12 C:/Users/Home/Desktop/roaya-ansany.com/roaya-ansany.com/vendor/laravel/framework/src/Illuminate/Container/BoundMethod.php(36): BladeUI/Icons/BladeIconsServiceProvider->boot()
#13 C:/Users/Home/Desktop/roaya-ansany.com/roaya-ansany.com/vendor/laravel/framework/src/Illuminate/Container/Util.php(43): Illuminate/Container/BoundMethod::Illuminate/Container/{closure}()
#14 C:/Users/Home/Desktop/roaya-ansany.com/roaya-ansany.com/vendor/laravel/framework/src/Illuminate/Container/BoundMethod.php(95): Illuminate/Container/Util::unwrapIfClosure(Object(Closure))
#15 C:/Users/Home/Desktop/roaya-ansany.com/roaya-ansany.com/vendor/laravel/framework/src/Illuminate/Container/BoundMethod.php(35): Illuminate/Container/BoundMethod::callBoundMethod(Object(Illuminate/Foundation/Application), Array, Object(Closure))
#16 C:/Users/Home/Desktop/roaya-ansany.com/roaya-ansany.com/vendor/laravel/framework/src/Illuminate/Container/Container.php(696): Illuminate/Container/BoundMethod::call(Object(Illuminate/Foundation/Application), Array, Array, NULL)
#17 C:/Users/Home/Desktop/roaya-ansany.com/roaya-ansany.com/vendor/laravel/framework/src/Illuminate/Foundation/Application.php(1151): Illuminate/Container/Container->call(Array)
#18 C:/Users/Home/Desktop/roaya-ansany.com/roaya-ansany.com/vendor/laravel/framework/src/Illuminate/Foundation/Application.php(1132): Illuminate/Foundation/Application->bootProvider(Object(BladeUI/Icons/BladeIconsServiceProvider))
#19 [internal function]: Illuminate/Foundation/Application->Illuminate/Foundation/{closure}(Object(BladeUI/Icons/BladeIconsServiceProvider), 'BladeUI//Icons//B...')
#20 C:/Users/Home/Desktop/roaya-ansany.com/roaya-ansany.com/vendor/laravel/framework/src/Illuminate/Foundation/Application.php(1131): array_walk(Array, Object(Closure))
#21 C:/Users/Home/Desktop/roaya-ansany.com/roaya-ansany.com/vendor/laravel/framework/src/Illuminate/Foundation/Bootstrap/BootProviders.php(17): Illuminate/Foundation/Application->boot()
#22 C:/Users/Home/Desktop/roaya-ansany.com/roaya-ansany.com/vendor/laravel/framework/src/Illuminate/Foundation/Application.php(342): Illuminate/Foundation/Bootstrap/BootProviders->bootstrap(Object(Illuminate/Foundation/Application))
#23 C:/Users/Home/Desktop/roaya-ansany.com/roaya-ansany.com/vendor/laravel/framework/src/Illuminate/Foundation/Console/Kernel.php(474): Illuminate/Foundation/Application->bootstrapWith(Array)
#24 C:/Users/Home/Desktop/roaya-ansany.com/roaya-ansany.com/vendor/laravel/framework/src/Illuminate/Foundation/Console/Kernel.php(196): Illuminate/Foundation/Console/Kernel->bootstrap()
#25 C:/Users/Home/Desktop/roaya-ansany.com/roaya-ansany.com/artisan(17): Illuminate/Foundation/Console/Kernel->handle(Object(Symfony/Component/Console/Input/ArgvInput), Object(Symfony/Component/Console/Output/ConsoleOutput))
#26 {main}
"} 
